Feb 13 06:20:06.929 INFO: manager: 2.0.0
Feb 13 06:20:06.929 INFO: manager: Copyright (C) 2003-2022, Noriaki Ando and OpenRTM development team,
Feb 13 06:20:06.929 INFO: manager:   Intelligent Systems Research Institute, AIST,
Feb 13 06:20:06.929 INFO: manager: Copyright (C) 2022, Noriaki Ando and OpenRTM development team,
Feb 13 06:20:06.929 INFO: manager:   Industrial Cyber-Physical Research Center, AIST,
Feb 13 06:20:06.929 INFO: manager:   All right reserved.
Feb 13 06:20:06.929 INFO: manager: Manager starting.
Feb 13 06:20:06.929 INFO: manager: Starting local logging.
Feb 13 06:20:06.935 WARNING: NamingOnCorba: No endpoint for the CORBA naming service (localhost) was found.
Feb 13 06:20:06.935 INFO: NamingManager: NameServer connection succeeded: corba/localhost
Feb 13 06:20:06.935 INFO: ManagerServant: Named manager reference (INS) was successfully created.
Feb 13 06:20:06.936 WARNING: ManagerServant: Master manager not found
Feb 13 06:20:06.937 INFO: LocalServiceAdmin: All the local services are enabled.
Feb 13 06:20:06.968 INFO: ec_base: setRate(1000000.000000) done
Feb 13 06:20:06.968 INFO: ec_base: setRate(1000.000000) done
Feb 13 06:20:06.968 INFO: SingleArUco20: 1 execution context was created.
Feb 13 06:20:06.968 INFO: SingleArUco20: Initial active configuration set is default.
Feb 13 06:20:16.993 INFO: ManagerServant: Master manager not found
Feb 13 06:20:27.003 INFO: ManagerServant: Master manager not found
Feb 13 06:20:37.015 INFO: ManagerServant: Master manager not found
Feb 13 06:20:41.042 WARNING: SdoServiceAdmin: No available SDO service in the factory: 
Feb 13 06:20:47.028 INFO: ManagerServant: Master manager not found
Feb 13 06:20:57.037 INFO: ManagerServant: Master manager not found
